2021-12-20 22:06:52 - INFO - "GET / HTTP/1.1" 200 1219
2021-12-20 22:06:52 - INFO - "GET /static/style.css HTTP/1.1" 200 648
2021-12-20 22:06:52 - INFO - "GET /favicon.ico HTTP/1.1" 200 1739
2021-12-20 22:07:00 - INFO - "GET / HTTP/1.1" 200 1219
2021-12-20 22:51:39 - INFO - "GET / HTTP/1.1" 200 1219
2021-12-20 22:51:39 - INFO - "GET /static/style.css HTTP/1.1" 304 0
2021-12-20 22:51:39 - INFO - "GET /favicon.ico HTTP/1.1" 304 0
2021-12-20 22:51:39 - WARNING - "GET /ice HTTP/1.1" 404 1536
2021-12-20 22:51:39 - INFO - "GET /ices HTTP/1.1" 200 1662
2021-12-20 22:51:39 - INFO - "GET /ices/1 HTTP/1.1" 200 568
2021-12-20 22:51:39 - INFO - "GET /ices/2 HTTP/1.1" 200 504
2021-12-20 22:51:39 - INFO - "GET /ices/3 HTTP/1.1" 200 584
2021-12-20 22:51:39 - INFO - "GET /ices/ HTTP/1.1" 200 1662
2021-12-20 22:51:39 - INFO - "GET /ices/1 HTTP/1.1" 200 568
2021-12-20 22:56:01 - INFO - "GET /ices/1 HTTP/1.1" 200 568
2021-12-20 22:56:01 - INFO - "GET /ices/1 HTTP/1.1" 200 568
2021-12-20 22:56:01 - INFO - "GET /ices/ HTTP/1.1" 200 1662
2021-12-20 22:56:01 - INFO - "POST /ices/ HTTP/1.1" 200 574
2021-12-20 22:56:01 - INFO - "GET /ices/1 HTTP/1.1" 200 568
2021-12-20 22:56:01 - INFO - "GET /favicon.ico HTTP/1.1" 304 0
2021-12-20 22:56:01 - INFO - "GET /ices/ HTTP/1.1" 200 2238
2021-12-20 23:01:02 - INFO - "GET /ices/ HTTP/1.1" 200 2238
2021-12-20 23:01:02 - INFO - "GET /ices/4 HTTP/1.1" 200 574
2021-12-20 23:01:02 - WARNING - "POST /ices/4 HTTP/1.1" 404 1536
2021-12-20 23:01:02 - INFO - "PUT /ices/4 HTTP/1.1" 200 582
2021-12-20 23:01:02 - INFO - "GET /ices/ HTTP/1.1" 200 2244
2021-12-20 23:01:02 - INFO - "GET /favicon.ico HTTP/1.1" 304 0
2021-12-20 23:01:02 - INFO - "DELETE /ices/4 HTTP/1.1" 200 582
2021-12-20 23:01:02 - INFO - "GET /ices/ HTTP/1.1" 200 1662
2021-12-20 23:01:02 - INFO - "GET /ices/ HTTP/1.1" 200 1662
2021-12-20 23:01:02 - INFO - "GET /favicon.ico HTTP/1.1" 304 0
2021-12-20 23:01:02 - INFO - "POST /ices/ HTTP/1.1" 200 681
2021-12-20 23:01:02 - INFO - "GET /ices/ HTTP/1.1" 200 2345
2021-12-20 23:01:02 - INFO - "GET /favicon.ico HTTP/1.1" 304 0
2021-12-20 23:06:44 - INFO - "GET /ices/ HTTP/1.1" 200 2345
2021-12-20 23:06:44 - INFO - "GET /favicon.ico HTTP/1.1" 304 0
